<?xml version="1.0" encoding="UTF-8"?>
<!-- Generated by org.testng.reporters.JUnitReportReporter -->
<testsuite hostname="DESKTOP-2IPOH7J" failures="0" tests="1" name="api.test.HealtTests" time="2.992" errors="0" timestamp="2024-03-23T11:47:04 AST" skipped="0">
  <testcase classname="api.test.HealtTests" name="createuser" time="2.992"/>
  <system-out/>
</testsuite> <!-- api.test.HealtTests -->
