<?xml version="1.0" encoding="UTF-8"?>
<!-- Generated by org.testng.reporters.JUnitReportReporter -->
<testsuite hostname="DESKTOP-2IPOH7J" failures="0" tests="4" name="api.test.UserTests" time="3.846" errors="0" timestamp="2024-03-23T11:47:04 AST" skipped="0">
  <testcase classname="api.test.UserTests" name="createuser" time="0.881"/>
  <system-out/>
  <testcase classname="api.test.UserTests" name="userlogin" time="1.802"/>
  <system-out/>
  <testcase classname="api.test.UserTests" name="updateprofile" time="0.490"/>
  <system-out/>
  <testcase classname="api.test.UserTests" name="changepassword" time="0.673"/>
  <system-out/>
</testsuite> <!-- api.test.UserTests -->
