<?xml version="1.0" encoding="UTF-8"?>
<!-- Generated by org.testng.reporters.JUnitReportReporter -->
<testsuite hostname="JOGM01T0NJ" failures="0" tests="4" name="api.test.NoteTests" time="2.505" errors="0" timestamp="2024-03-24T13:22:27 AST" skipped="0">
  <testcase classname="api.test.NoteTests" name="createNote" time="0.500"/>
  <system-out/>
  <testcase classname="api.test.NoteTests" name="getAllNotes" time="1.050"/>
  <system-out/>
  <testcase classname="api.test.NoteTests" name="updateNote" time="0.477"/>
  <system-out/>
  <testcase classname="api.test.NoteTests" name="deleteNote" time="0.478"/>
  <system-out/>
</testsuite> <!-- api.test.NoteTests -->
