<?xml version="1.0" encoding="UTF-8"?>
<!-- Generated by org.testng.reporters.JUnitReportReporter -->
<testsuite hostname="JOGM01T0NJ" failures="0" tests="4" name="api.test.NoteTests" time="3.497" errors="0" timestamp="2024-03-21T11:45:12 AST" skipped="0">
  <testcase classname="api.test.NoteTests" name="createNote" time="0.800"/>
  <system-out/>
  <testcase classname="api.test.NoteTests" name="getAllNotes" time="1.175"/>
  <system-out/>
  <testcase classname="api.test.NoteTests" name="updateNote" time="0.953"/>
  <system-out/>
  <testcase classname="api.test.NoteTests" name="deleteNote" time="0.569"/>
  <system-out/>
</testsuite> <!-- api.test.NoteTests -->
