<?xml version="1.0" encoding="UTF-8"?>
<!-- Generated by org.testng.reporters.JUnitReportReporter -->
<testsuite hostname="DESKTOP-2IPOH7J" failures="0" tests="4" name="api.test.NoteTests" time="2.402" errors="0" timestamp="2024-03-23T11:47:04 AST" skipped="0">
  <testcase classname="api.test.NoteTests" name="createNote" time="0.480"/>
  <system-out/>
  <testcase classname="api.test.NoteTests" name="getAllNotes" time="0.888"/>
  <system-out/>
  <testcase classname="api.test.NoteTests" name="updateNote" time="0.459"/>
  <system-out/>
  <testcase classname="api.test.NoteTests" name="deleteNote" time="0.575"/>
  <system-out/>
</testsuite> <!-- api.test.NoteTests -->
