<?xml version="1.0" encoding="UTF-8"?>
<!-- Generated by org.testng.reporters.JUnitReportReporter -->
<testsuite hostname="JOGM01T0NJ" failures="0" tests="4" name="api.test.UserTests" time="4.208" errors="0" timestamp="2024-03-24T13:22:27 AST" skipped="0">
  <testcase classname="api.test.UserTests" name="createuser" time="0.976"/>
  <system-out/>
  <testcase classname="api.test.UserTests" name="userlogin" time="1.752"/>
  <system-out/>
  <testcase classname="api.test.UserTests" name="updateprofile" time="0.658"/>
  <system-out/>
  <testcase classname="api.test.UserTests" name="changepassword" time="0.822"/>
  <system-out/>
</testsuite> <!-- api.test.UserTests -->
