<?xml version="1.0" encoding="UTF-8"?>
<!-- Generated by org.testng.reporters.JUnitReportReporter -->
<testsuite hostname="JOGM01T0NJ" failures="0" tests="1" name="api.test.HealtTests" time="3.636" errors="0" timestamp="2024-03-24T13:22:27 AST" skipped="0">
  <testcase classname="api.test.HealtTests" name="createuser" time="3.636"/>
  <system-out/>
</testsuite> <!-- api.test.HealtTests -->
