<?xml version="1.0" encoding="UTF-8"?>
<!-- Generated by org.testng.reporters.JUnitReportReporter -->
<testsuite hostname="JOGM01T0NJ" failures="0" tests="4" name="api.test.UserTests" time="5.260" errors="0" timestamp="2024-03-21T11:45:12 AST" skipped="0">
  <testcase classname="api.test.UserTests" name="createuser" time="1.574"/>
  <system-out/>
  <testcase classname="api.test.UserTests" name="userlogin" time="2.284"/>
  <system-out/>
  <testcase classname="api.test.UserTests" name="updateprofile" time="0.593"/>
  <system-out/>
  <testcase classname="api.test.UserTests" name="changepassword" time="0.809"/>
  <system-out/>
</testsuite> <!-- api.test.UserTests -->
